<?xml version="1.0" encoding="UTF-8"?>
<testsuite name="de.berlin.htw.webtech.demo.WebTechDemoApplicationTests" tests="1" skipped="0" failures="0" errors="0" timestamp="2023-06-18T19:20:25" hostname="PC-MARCEL" time="0.525">
  <properties/>
  <testcase name="contextLoads()" classname="de.berlin.htw.webtech.demo.WebTechDemoApplicationTests" time="0.525"/>
  <system-out><![CDATA[21:20:20.381 [Test worker] DEBUG org.springframework.boot.test.context.SpringBootTestContextBootstrapper -- Neither @ContextConfiguration nor @ContextHierarchy found for test class [WebTechDemoApplicationTests]: using SpringBootContextLoader
21:20:20.389 [Test worker] DEBUG org.springframework.test.context.support.AbstractContextLoader -- Could not detect default resource locations for test class [de.berlin.htw.webtech.demo.WebTechDemoApplicationTests]: no resource found for suffixes {-context.xml, Context.groovy}.
21:20:20.389 [Test worker] INFO org.springframework.test.context.support.AnnotationConfigContextLoaderUtils -- Could not detect default configuration classes for test class [de.berlin.htw.webtech.demo.WebTechDemoApplicationTests]: WebTechDemoApplicationTests does not declare any static, non-private, non-final, nested classes annotated with @Configuration.
21:20:20.422 [Test worker] DEBUG org.springframework.boot.test.context.SpringBootTestContextBootstrapper -- Using ContextCustomizers for test class [WebTechDemoApplicationTests]: [DisableObservabilityContextCustomizer, PropertyMappingContextCustomizer, Customizer, ExcludeFilterContextCustomizer, DuplicateJsonObjectContextCustomizer, MockitoContextCustomizer, TestRestTemplateContextCustomizer]
21:20:20.541 [Test worker] DEBUG org.springframework.context.annotation.ClassPathScanningCandidateComponentProvider -- Identified candidate component class: file [C:\Users\hieu_\spring-demo\build\classes\java\main\de\berlin\htw\webtech\demo\WebTechDemoApplication.class]
21:20:20.544 [Test worker] INFO org.springframework.boot.test.context.SpringBootTestContextBootstrapper -- Found @SpringBootConfiguration de.berlin.htw.webtech.demo.WebTechDemoApplication for test class de.berlin.htw.webtech.demo.WebTechDemoApplicationTests
21:20:20.720 [Test worker] DEBUG org.springframework.boot.test.context.SpringBootTestContextBootstrapper -- Using TestExecutionListeners for test class [WebTechDemoApplicationTests]: [ServletTestExecutionListener, DirtiesContextBeforeModesTestExecutionListener, ApplicationEventsTestExecutionListener, MockitoTestExecutionListener, DependencyInjectionTestExecutionListener, DirtiesContextTestExecutionListener, TransactionalTestExecutionListener, SqlScriptsTestExecutionListener, EventPublishingTestExecutionListener, RestDocsTestExecutionListener, MockRestServiceServerResetTestExecutionListener, MockMvcPrintOnlyOnFailureTestExecutionListener, WebDriverTestExecutionListener, MockWebServiceServerTestExecutionListener, ResetMocksTestExecutionListener]
21:20:20.722 [Test worker] DEBUG org.springframework.test.context.support.AbstractDirtiesContextTestExecutionListener -- Before test class: class [WebTechDemoApplicationTests], class annotated with @DirtiesContext [false] with mode [null]

  .   ____          _            __ _ _
 /\\ / ___'_ __ _ _(_)_ __  __ _ \ \ \ \
( ( )\___ | '_ | '_| | '_ \/ _` | \ \ \ \
 \\/  ___)| |_)| | | | | || (_| |  ) ) ) )
  '  |____| .__|_| |_|_| |_\__, | / / / /
 =========|_|==============|___/=/_/_/_/
 :: Spring Boot ::                (v3.0.5)

2023-06-18T21:20:21.300+02:00  INFO 19052 --- [    Test worker] d.b.h.w.d.WebTechDemoApplicationTests    : Starting WebTechDemoApplicationTests using Java 17.0.4.1 with PID 19052 (started by hieu_ in C:\Users\hieu_\spring-demo)
2023-06-18T21:20:21.302+02:00  INFO 19052 --- [    Test worker] d.b.h.w.d.WebTechDemoApplicationTests    : No active profile set, falling back to 1 default profile: "default"
2023-06-18T21:20:22.563+02:00  INFO 19052 --- [    Test worker] .s.d.r.c.RepositoryConfigurationDelegate : Bootstrapping Spring Data JPA repositories in DEFAULT mode.
2023-06-18T21:20:22.609+02:00  INFO 19052 --- [    Test worker] .s.d.r.c.RepositoryConfigurationDelegate : Finished Spring Data repository scanning in 24 ms. Found 0 JPA repository interfaces.
2023-06-18T21:20:23.270+02:00  INFO 19052 --- [    Test worker] o.hibernate.jpa.internal.util.LogHelper  : HHH000204: Processing PersistenceUnitInfo [name: default]
2023-06-18T21:20:23.362+02:00  INFO 19052 --- [    Test worker] org.hibernate.Version                    : HHH000412: Hibernate ORM core version 6.1.7.Final
2023-06-18T21:20:23.853+02:00  INFO 19052 --- [    Test worker] com.zaxxer.hikari.HikariDataSource       : HikariPool-1 - Starting...
2023-06-18T21:20:24.175+02:00  INFO 19052 --- [    Test worker] com.zaxxer.hikari.pool.HikariPool        : HikariPool-1 - Added connection conn0: url=jdbc:h2:file:/Users/hieu_/OneDrive/Desktop/Webtech/demo user=${DATASOURCE_USERNAME}
2023-06-18T21:20:24.183+02:00  INFO 19052 --- [    Test worker] com.zaxxer.hikari.HikariDataSource       : HikariPool-1 - Start completed.
2023-06-18T21:20:24.282+02:00  INFO 19052 --- [    Test worker] SQL dialect                              : HHH000400: Using dialect: org.hibernate.dialect.H2Dialect
2023-06-18T21:20:24.787+02:00  INFO 19052 --- [    Test worker] o.h.e.t.j.p.i.JtaPlatformInitiator       : HHH000490: Using JtaPlatform implementation: [org.hibernate.engine.transaction.jta.platform.internal.NoJtaPlatform]
2023-06-18T21:20:24.801+02:00  INFO 19052 --- [    Test worker] j.LocalContainerEntityManagerFactoryBean : Initialized JPA EntityManagerFactory for persistence unit 'default'
2023-06-18T21:20:25.672+02:00  INFO 19052 --- [    Test worker] o.s.b.a.h2.H2ConsoleAutoConfiguration    : H2 console available at '/db-console'. Database available at 'jdbc:h2:file:/Users/hieu_/OneDrive/Desktop/Webtech/demo'
2023-06-18T21:20:25.773+02:00  INFO 19052 --- [    Test worker] d.b.h.w.d.WebTechDemoApplicationTests    : Started WebTechDemoApplicationTests in 4.921 seconds (process running for 7.016)
]]></system-out>
  <system-err><![CDATA[]]></system-err>
</testsuite>
